TN:
SF:/Users/Sunico/Documents/Rice/Spring17/531/comp531/hw6/frontend/src/actions.js
FN:0,_interopRequireDefault
FN:28,nav2Main
FN:32,nav2Profile
FN:36,nav2Landing
FN:41,showError
FN:45,showSuccess
FN:49,resource
FN:56,(anonymous_8)
FNF:8
FNH:8
FNDA:1,_interopRequireDefault
FNDA:1,nav2Main
FNDA:1,nav2Profile
FNDA:1,nav2Landing
FNDA:2,showError
FNDA:2,showSuccess
FNDA:9,resource
FNDA:5,(anonymous_8)
DA:0,1
DA:1,1
DA:3,1
DA:4,1
DA:6,1
DA:26,1
DA:28,1
DA:29,1
DA:32,1
DA:33,1
DA:36,1
DA:37,1
DA:41,1
DA:42,2
DA:45,1
DA:46,2
DA:49,9
DA:51,9
DA:52,9
DA:53,9
DA:55,9
DA:57,5
DA:58,4
DA:61,1
DA:62,1
LF:25
LH:25
BRDA:0,1,0,0
BRDA:0,1,1,1
BRDA:0,2,0,1
BRDA:0,2,1,1
BRDA:49,3,0,0
BRDA:49,3,1,9
BRDA:49,4,0,9
BRDA:49,4,1,0
BRDA:52,5,0,9
BRDA:52,5,1,0
BRDA:53,6,0,4
BRDA:53,6,1,5
BRDA:53,7,0,4
BRDA:53,7,1,0
BRDA:57,8,0,4
BRDA:57,8,1,1
BRDA:59,9,0,4
BRDA:59,9,1,0
BRF:18
BRH:13
end_of_record
TN:
SF:/Users/Sunico/Documents/Rice/Spring17/531/comp531/hw6/frontend/src/actions.spec.js
FN:0,_interopRequireDefault
FN:6,(anonymous_2)
FN:8,(anonymous_3)
FN:19,(anonymous_4)
FN:26,(anonymous_5)
FN:33,(anonymous_6)
FN:39,(anonymous_7)
FN:40,(anonymous_8)
FN:46,(anonymous_9)
FN:53,(anonymous_10)
FN:59,(anonymous_11)
FN:67,(anonymous_12)
FN:75,(anonymous_13)
FNF:13
FNH:13
FNDA:3,_interopRequireDefault
FNDA:1,(anonymous_2)
FNDA:6,(anonymous_3)
FNDA:6,(anonymous_4)
FNDA:1,(anonymous_5)
FNDA:1,(anonymous_6)
FNDA:1,(anonymous_7)
FNDA:1,(anonymous_8)
FNDA:1,(anonymous_9)
FNDA:1,(anonymous_10)
FNDA:1,(anonymous_11)
FNDA:1,(anonymous_12)
FNDA:1,(anonymous_13)
DA:0,3
DA:1,1
DA:2,1
DA:3,1
DA:4,1
DA:6,1
DA:7,1
DA:8,1
DA:9,6
DA:10,0
DA:11,0
DA:12,0
DA:14,6
DA:15,6
DA:16,6
DA:19,1
DA:20,6
DA:21,0
DA:22,0
DA:26,1
DA:27,1
DA:33,1
DA:34,1
DA:39,1
DA:40,1
DA:41,1
DA:46,1
DA:47,1
DA:52,1
DA:54,1
DA:59,1
DA:60,1
DA:61,1
DA:67,1
DA:68,1
DA:69,1
DA:75,1
DA:76,1
DA:77,1
DA:78,1
LF:40
LH:35
BRDA:0,1,0,1
BRDA:0,1,1,2
BRDA:0,2,0,3
BRDA:0,2,1,3
BRDA:9,3,0,0
BRDA:9,3,1,6
BRDA:20,4,0,0
BRDA:20,4,1,6
BRF:8
BRH:6
end_of_record
TN:
SF:/Users/Sunico/Documents/Rice/Spring17/531/comp531/hw6/frontend/src/components/app.js
FN:0,_interopRequireDefault
FN:7,App
FN:18,(anonymous_3)
FNF:3
FNH:1
FNDA:4,_interopRequireDefault
FNDA:0,App
FNDA:0,(anonymous_3)
DA:0,4
DA:1,1
DA:2,1
DA:3,1
DA:4,1
DA:5,1
DA:7,1
DA:8,0
DA:9,0
DA:11,0
DA:12,0
DA:14,0
DA:18,1
DA:19,0
LF:14
LH:8
BRDA:0,1,0,3
BRDA:0,1,1,1
BRDA:0,2,0,4
BRDA:0,2,1,4
BRDA:8,3,0,0
BRDA:8,3,1,0
BRDA:11,4,0,0
BRDA:11,4,1,0
BRF:8
BRH:4
end_of_record
TN:
SF:/Users/Sunico/Documents/Rice/Spring17/531/comp531/hw6/frontend/src/components/main/main.js
FN:0,_interopRequireDefault
FN:10,Main
FN:56,(anonymous_3)
FNF:3
FNH:1
FNDA:7,_interopRequireDefault
FNDA:0,Main
FNDA:0,(anonymous_3)
DA:0,7
DA:1,1
DA:2,1
DA:3,1
DA:4,1
DA:5,1
DA:6,1
DA:7,1
DA:8,1
DA:10,1
DA:12,0
DA:55,1
DA:57,0
LF:13
LH:11
BRDA:0,1,0,6
BRDA:0,1,1,1
BRDA:0,2,0,7
BRDA:0,2,1,7
BRDA:30,3,0,0
BRDA:30,3,1,0
BRDA:31,4,0,0
BRDA:31,4,1,0
BRF:8
BRH:4
end_of_record
TN:
SF:/Users/Sunico/Documents/Rice/Spring17/531/comp531/hw6/frontend/src/components/article/articlesView.js
FN:0,_interopRequireDefault
FN:8,ArticlesView
FN:13,(anonymous_3)
FN:16,(anonymous_4)
FN:28,(anonymous_5)
FNF:5
FNH:1
FNDA:3,_interopRequireDefault
FNDA:0,ArticlesView
FNDA:0,(anonymous_3)
FNDA:0,(anonymous_4)
FNDA:0,(anonymous_5)
DA:0,3
DA:1,1
DA:2,1
DA:3,1
DA:4,1
DA:5,1
DA:6,1
DA:8,1
DA:9,0
DA:11,0
DA:14,0
DA:16,0
DA:17,0
DA:27,1
DA:29,0
LF:15
LH:9
BRDA:0,1,0,2
BRDA:0,1,1,1
BRDA:0,2,0,3
BRDA:0,2,1,3
BRDA:14,3,0,0
BRDA:14,3,1,0
BRDA:14,4,0,0
BRDA:14,4,1,0
BRF:8
BRH:4
end_of_record
TN:
SF:/Users/Sunico/Documents/Rice/Spring17/531/comp531/hw6/frontend/src/components/article/singleArticle.js
FN:0,_interopRequireDefault
FN:8,SingleArticle
FN:10,_show
FN:15,_edit
FN:30,onChange
FN:39,(anonymous_6)
FN:50,(anonymous_7)
FN:56,(anonymous_8)
FN:58,edit
FN:59,displayComment
FNF:10
FNH:1
FNDA:3,_interopRequireDefault
FNDA:0,SingleArticle
FNDA:0,_show
FNDA:0,_edit
FNDA:0,onChange
FNDA:0,(anonymous_6)
FNDA:0,(anonymous_7)
FNDA:0,(anonymous_8)
FNDA:0,edit
FNDA:0,displayComment
DA:0,3
DA:1,1
DA:2,1
DA:3,1
DA:4,1
DA:5,1
DA:6,1
DA:8,1
DA:9,0
DA:10,0
DA:11,0
DA:12,0
DA:13,0
DA:15,0
DA:16,0
DA:17,0
DA:18,0
DA:22,0
DA:30,0
DA:40,0
DA:49,1
DA:51,0
DA:57,0
DA:58,0
DA:59,0
LF:25
LH:9
BRDA:0,1,0,2
BRDA:0,1,1,1
BRDA:0,2,0,3
BRDA:0,2,1,3
BRDA:25,3,0,0
BRDA:25,3,1,0
BRDA:31,4,0,0
BRDA:31,4,1,0
BRDA:35,5,0,0
BRDA:35,5,1,0
BRDA:38,6,0,0
BRDA:38,6,1,0
BRDA:39,7,0,0
BRDA:39,7,1,0
BRF:14
BRH:4
end_of_record
TN:
SF:/Users/Sunico/Documents/Rice/Spring17/531/comp531/hw6/frontend/src/components/article/comment.js
FN:0,_interopRequireDefault
FN:7,Comment
FN:9,_editComment
FN:22,onChange
FN:32,(anonymous_5)
FN:38,(anonymous_6)
FN:40,updateComment
FNF:7
FNH:1
FNDA:1,_interopRequireDefault
FNDA:0,Comment
FNDA:0,_editComment
FNDA:0,onChange
FNDA:0,(anonymous_5)
FNDA:0,(anonymous_6)
FNDA:0,updateComment
DA:0,1
DA:1,1
DA:2,1
DA:3,1
DA:4,1
DA:7,1
DA:8,0
DA:9,0
DA:10,0
DA:11,0
DA:12,0
DA:13,0
DA:16,0
DA:22,0
DA:31,1
DA:33,0
DA:39,0
DA:40,0
LF:18
LH:7
BRDA:0,1,0,0
BRDA:0,1,1,1
BRDA:0,2,0,1
BRDA:0,2,1,1
BRDA:23,3,0,0
BRDA:23,3,1,0
BRF:6
BRH:4
end_of_record
TN:
SF:/Users/Sunico/Documents/Rice/Spring17/531/comp531/hw6/frontend/src/components/article/articleActions.js
FN:0,_interopRequireDefault
FN:5,updateKeyword
FN:10,updateArticles
FN:15,fetchArticles
FN:16,(anonymous_5)
FN:18,(anonymous_6)
FN:23,showComment
FN:24,(anonymous_8)
FN:29,addArticles
FN:30,(anonymous_10)
FN:36,(anonymous_11)
FN:44,editArticle
FN:45,(anonymous_13)
FN:48,(anonymous_14)
FN:55,updateComment
FN:56,(anonymous_16)
FN:61,(anonymous_17)
FNF:17
FNH:6
FNDA:2,_interopRequireDefault
FNDA:1,updateKeyword
FNDA:1,updateArticles
FNDA:1,fetchArticles
FNDA:1,(anonymous_5)
FNDA:1,(anonymous_6)
FNDA:0,showComment
FNDA:0,(anonymous_8)
FNDA:0,addArticles
FNDA:0,(anonymous_10)
FNDA:0,(anonymous_11)
FNDA:0,editArticle
FNDA:0,(anonymous_13)
FNDA:0,(anonymous_14)
FNDA:0,updateComment
FNDA:0,(anonymous_16)
FNDA:0,(anonymous_17)
DA:0,2
DA:1,1
DA:2,1
DA:3,1
DA:5,1
DA:6,1
DA:10,1
DA:11,1
DA:15,1
DA:16,1
DA:17,1
DA:20,1
DA:23,1
DA:24,0
DA:25,0
DA:29,1
DA:30,0
DA:31,0
DA:32,0
DA:33,0
DA:34,0
DA:37,0
DA:38,0
DA:39,0
DA:41,0
DA:44,1
DA:45,0
DA:46,0
DA:47,0
DA:49,0
DA:50,0
DA:51,0
DA:55,1
DA:56,0
DA:57,0
DA:58,0
DA:59,0
DA:60,0
DA:62,0
DA:63,0
DA:65,0
DA:67,0
LF:42
LH:16
BRDA:0,1,0,1
BRDA:0,1,1,1
BRDA:0,2,0,2
BRDA:0,2,1,2
BRF:4
BRH:4
end_of_record
TN:
SF:/Users/Sunico/Documents/Rice/Spring17/531/comp531/hw6/frontend/src/components/article/newComment.js
FN:0,_interopRequireDefault
FN:5,NewComment
FN:7,_addComm
FN:18,ref
FN:32,(anonymous_5)
FN:34,updateComment
FNF:6
FNH:1
FNDA:1,_interopRequireDefault
FNDA:0,NewComment
FNDA:0,_addComm
FNDA:0,ref
FNDA:0,(anonymous_5)
FNDA:0,updateComment
DA:0,1
DA:1,1
DA:2,1
DA:3,1
DA:5,1
DA:6,0
DA:7,0
DA:8,0
DA:9,0
DA:12,0
DA:14,0
DA:18,0
DA:30,1
DA:33,0
DA:34,0
LF:15
LH:6
BRDA:0,1,0,0
BRDA:0,1,1,1
BRDA:0,2,0,1
BRDA:0,2,1,1
BRF:4
BRH:4
end_of_record
TN:
SF:/Users/Sunico/Documents/Rice/Spring17/531/comp531/hw6/frontend/src/components/article/searchArticle.js
FN:0,_interopRequireDefault
FN:5,SearchArticle
FN:7,_search
FN:16,ref
FN:22,filterArticles
FN:24,(anonymous_6)
FN:37,(anonymous_7)
FN:38,filter
FNF:8
FNH:3
FNDA:1,_interopRequireDefault
FNDA:0,SearchArticle
FNDA:0,_search
FNDA:0,ref
FNDA:1,filterArticles
FNDA:2,(anonymous_6)
FNDA:0,(anonymous_7)
FNDA:0,filter
DA:0,1
DA:1,1
DA:2,1
DA:3,1
DA:5,1
DA:6,0
DA:7,0
DA:8,0
DA:9,0
DA:13,0
DA:16,0
DA:22,1
DA:23,1
DA:24,1
DA:25,2
DA:26,2
DA:30,0
DA:32,0
DA:35,1
DA:37,0
DA:38,0
LF:21
LH:11
BRDA:0,1,0,0
BRDA:0,1,1,1
BRDA:0,2,0,1
BRDA:0,2,1,1
BRDA:8,3,0,0
BRDA:8,3,1,0
BRDA:23,4,0,1
BRDA:23,4,1,0
BRDA:26,5,0,2
BRDA:26,5,1,1
BRF:10
BRH:7
end_of_record
TN:
SF:/Users/Sunico/Documents/Rice/Spring17/531/comp531/hw6/frontend/src/components/main/headline.js
FN:0,_interopRequireDefault
FN:6,headline
FN:8,_updateHeadline
FN:19,ref
FN:30,(anonymous_5)
FN:36,(anonymous_6)
FN:38,updateHeadline
FNF:7
FNH:1
FNDA:2,_interopRequireDefault
FNDA:0,headline
FNDA:0,_updateHeadline
FNDA:0,ref
FNDA:0,(anonymous_5)
FNDA:0,(anonymous_6)
FNDA:0,updateHeadline
DA:0,2
DA:1,1
DA:2,1
DA:3,1
DA:4,1
DA:6,1
DA:7,0
DA:8,0
DA:9,0
DA:10,0
DA:13,0
DA:19,0
DA:29,1
DA:31,0
DA:37,0
DA:39,0
LF:16
LH:7
BRDA:0,1,0,1
BRDA:0,1,1,1
BRDA:0,2,0,2
BRDA:0,2,1,2
BRF:4
BRH:4
end_of_record
TN:
SF:/Users/Sunico/Documents/Rice/Spring17/531/comp531/hw6/frontend/src/components/profile/profileActions.js
FN:0,_interopRequireDefault
FN:6,fetchHeadline
FN:7,(anonymous_3)
FN:9,(anonymous_4)
FN:14,updateHeadline
FN:15,(anonymous_6)
FN:18,(anonymous_7)
FN:25,fetchAvatar
FN:26,(anonymous_9)
FN:28,(anonymous_10)
FN:33,updateAvatar
FN:34,(anonymous_12)
FN:39,(anonymous_13)
FN:47,fetchBirth
FN:48,(anonymous_15)
FN:50,(anonymous_16)
FN:55,fetchEmail
FN:56,(anonymous_18)
FN:58,(anonymous_19)
FN:63,fetchZipcode
FN:64,(anonymous_21)
FN:66,(anonymous_22)
FN:71,updateProfile
FN:72,(anonymous_24)
FN:79,(anonymous_25)
FN:87,(anonymous_26)
FN:94,(anonymous_27)
FN:102,checkForm
FNF:28
FNH:5
FNDA:3,_interopRequireDefault
FNDA:0,fetchHeadline
FNDA:0,(anonymous_3)
FNDA:0,(anonymous_4)
FNDA:1,updateHeadline
FNDA:1,(anonymous_6)
FNDA:0,(anonymous_7)
FNDA:0,fetchAvatar
FNDA:0,(anonymous_9)
FNDA:0,(anonymous_10)
FNDA:0,updateAvatar
FNDA:0,(anonymous_12)
FNDA:0,(anonymous_13)
FNDA:0,fetchBirth
FNDA:0,(anonymous_15)
FNDA:0,(anonymous_16)
FNDA:1,fetchEmail
FNDA:1,(anonymous_18)
FNDA:0,(anonymous_19)
FNDA:0,fetchZipcode
FNDA:0,(anonymous_21)
FNDA:0,(anonymous_22)
FNDA:0,updateProfile
FNDA:0,(anonymous_24)
FNDA:0,(anonymous_25)
FNDA:0,(anonymous_26)
FNDA:0,(anonymous_27)
FNDA:0,checkForm
DA:0,3
DA:1,1
DA:2,1
DA:3,1
DA:4,1
DA:6,1
DA:7,0
DA:8,0
DA:10,0
DA:14,1
DA:15,1
DA:16,1
DA:17,1
DA:19,0
DA:25,1
DA:26,0
DA:27,0
DA:29,0
DA:33,1
DA:34,0
DA:35,0
DA:36,0
DA:37,0
DA:38,0
DA:40,0
DA:41,0
DA:42,0
DA:47,1
DA:48,0
DA:49,0
DA:51,0
DA:55,1
DA:56,1
DA:57,1
DA:59,0
DA:63,1
DA:64,0
DA:65,0
DA:67,0
DA:71,1
DA:72,0
DA:73,0
DA:74,0
DA:75,0
DA:77,0
DA:78,0
DA:80,0
DA:81,0
DA:82,0
DA:85,0
DA:86,0
DA:88,0
DA:89,0
DA:92,0
DA:93,0
DA:95,0
DA:96,0
DA:102,1
DA:103,0
DA:104,0
DA:105,0
DA:108,0
DA:109,0
DA:110,0
DA:113,0
DA:114,0
DA:115,0
LF:67
LH:19
BRDA:0,1,0,1
BRDA:0,1,1,2
BRDA:0,2,0,3
BRDA:0,2,1,3
BRDA:16,3,0,1
BRDA:16,3,1,0
BRDA:74,4,0,0
BRDA:74,4,1,0
BRDA:77,5,0,0
BRDA:77,5,1,0
BRDA:85,6,0,0
BRDA:85,6,1,0
BRDA:92,7,0,0
BRDA:92,7,1,0
BRDA:103,8,0,0
BRDA:103,8,1,0
BRDA:104,9,0,0
BRDA:104,9,1,0
BRDA:108,10,0,0
BRDA:108,10,1,0
BRDA:109,11,0,0
BRDA:109,11,1,0
BRDA:113,12,0,0
BRDA:113,12,1,0
BRDA:113,13,0,0
BRDA:113,13,1,0
BRDA:114,14,0,0
BRDA:114,14,1,0
BRF:28
BRH:5
end_of_record
TN:
SF:/Users/Sunico/Documents/Rice/Spring17/531/comp531/hw6/frontend/src/components/main/following.js
FN:0,_interopRequireDefault
FN:7,Following
FN:9,_addFollower
FN:21,(anonymous_4)
FN:22,(anonymous_5)
FN:33,ref
FN:45,(anonymous_7)
FN:53,(anonymous_8)
FN:55,addFollower
FNF:9
FNH:1
FNDA:3,_interopRequireDefault
FNDA:0,Following
FNDA:0,_addFollower
FNDA:0,(anonymous_4)
FNDA:0,(anonymous_5)
FNDA:0,ref
FNDA:0,(anonymous_7)
FNDA:0,(anonymous_8)
FNDA:0,addFollower
DA:0,3
DA:1,1
DA:2,1
DA:3,1
DA:4,1
DA:5,1
DA:7,1
DA:8,0
DA:9,0
DA:10,0
DA:11,0
DA:12,0
DA:15,0
DA:17,0
DA:21,0
DA:23,0
DA:33,0
DA:44,1
DA:47,0
DA:50,0
DA:54,0
DA:55,0
LF:22
LH:8
BRDA:0,1,0,2
BRDA:0,1,1,1
BRDA:0,2,0,3
BRDA:0,2,1,3
BRDA:10,3,0,0
BRDA:10,3,1,0
BRF:6
BRH:4
end_of_record
TN:
SF:/Users/Sunico/Documents/Rice/Spring17/531/comp531/hw6/frontend/src/components/main/singleFollower.js
FN:0,_interopRequireDefault
FN:6,SingleFollower
FN:7,_unfollow
FN:24,(anonymous_4)
FN:26,removeFollower
FNF:5
FNH:1
FNDA:2,_interopRequireDefault
FNDA:0,SingleFollower
FNDA:0,_unfollow
FNDA:0,(anonymous_4)
FNDA:0,removeFollower
DA:0,2
DA:1,1
DA:2,1
DA:3,1
DA:4,1
DA:6,1
DA:7,0
DA:8,0
DA:11,0
DA:19,0
DA:22,1
DA:25,0
DA:26,0
LF:13
LH:7
BRDA:0,1,0,1
BRDA:0,1,1,1
BRDA:0,2,0,2
BRDA:0,2,1,2
BRF:4
BRH:4
end_of_record
TN:
SF:/Users/Sunico/Documents/Rice/Spring17/531/comp531/hw6/frontend/src/components/main/followingActions.js
FN:0,_interopRequireDefault
FN:4,fetchFollowers
FN:5,(anonymous_3)
FN:7,(anonymous_4)
FN:9,(anonymous_5)
FN:15,(anonymous_6)
FN:17,(anonymous_7)
FN:24,(anonymous_8)
FN:25,(anonymous_9)
FN:31,(anonymous_10)
FN:40,removeFollower
FN:42,(anonymous_12)
FN:44,(anonymous_13)
FN:45,(anonymous_14)
FN:52,(anonymous_15)
FN:53,(anonymous_16)
FN:60,(anonymous_17)
FN:61,(anonymous_18)
FN:67,(anonymous_19)
FN:76,addFollower
FN:77,(anonymous_21)
FN:79,(anonymous_22)
FN:83,(anonymous_23)
FN:89,(anonymous_24)
FN:90,(anonymous_25)
FN:96,(anonymous_26)
FN:97,(anonymous_27)
FN:103,(anonymous_28)
FNF:28
FNH:1
FNDA:1,_interopRequireDefault
FNDA:0,fetchFollowers
FNDA:0,(anonymous_3)
FNDA:0,(anonymous_4)
FNDA:0,(anonymous_5)
FNDA:0,(anonymous_6)
FNDA:0,(anonymous_7)
FNDA:0,(anonymous_8)
FNDA:0,(anonymous_9)
FNDA:0,(anonymous_10)
FNDA:0,removeFollower
FNDA:0,(anonymous_12)
FNDA:0,(anonymous_13)
FNDA:0,(anonymous_14)
FNDA:0,(anonymous_15)
FNDA:0,(anonymous_16)
FNDA:0,(anonymous_17)
FNDA:0,(anonymous_18)
FNDA:0,(anonymous_19)
FNDA:0,addFollower
FNDA:0,(anonymous_21)
FNDA:0,(anonymous_22)
FNDA:0,(anonymous_23)
FNDA:0,(anonymous_24)
FNDA:0,(anonymous_25)
FNDA:0,(anonymous_26)
FNDA:0,(anonymous_27)
FNDA:0,(anonymous_28)
DA:0,1
DA:1,1
DA:4,1
DA:5,0
DA:6,0
DA:8,0
DA:9,0
DA:10,0
DA:11,0
DA:13,0
DA:14,0
DA:17,0
DA:18,0
DA:20,0
DA:23,0
DA:25,0
DA:26,0
DA:28,0
DA:30,0
DA:33,0
DA:40,1
DA:41,0
DA:42,0
DA:43,0
DA:45,0
DA:46,0
DA:47,0
DA:50,0
DA:51,0
DA:53,0
DA:54,0
DA:56,0
DA:59,0
DA:61,0
DA:62,0
DA:64,0
DA:66,0
DA:69,0
DA:76,1
DA:77,0
DA:78,0
DA:80,0
DA:81,0
DA:83,0
DA:84,0
DA:87,0
DA:88,0
DA:90,0
DA:91,0
DA:93,0
DA:95,0
DA:97,0
DA:98,0
DA:100,0
DA:102,0
DA:104,0
LF:56
LH:5
BRDA:0,1,0,1
BRDA:0,1,1,0
BRDA:0,2,0,1
BRDA:0,2,1,1
BRDA:80,3,0,0
BRDA:80,3,1,0
BRF:6
BRH:4
end_of_record
TN:
SF:/Users/Sunico/Documents/Rice/Spring17/531/comp531/hw6/frontend/src/components/main/nav.js
FN:0,_interopRequireDefault
FN:6,Nav
FN:22,(anonymous_3)
FN:24,toMain
FN:25,toProfile
FN:26,logout
FNF:6
FNH:1
FNDA:1,_interopRequireDefault
FNDA:0,Nav
FNDA:0,(anonymous_3)
FNDA:0,toMain
FNDA:0,toProfile
FNDA:0,logout
DA:0,1
DA:1,1
DA:2,1
DA:3,1
DA:4,1
DA:6,1
DA:8,0
DA:21,1
DA:23,0
DA:24,0
DA:25,0
DA:26,0
LF:12
LH:7
BRDA:0,1,0,0
BRDA:0,1,1,1
BRDA:0,2,0,1
BRDA:0,2,1,1
BRF:4
BRH:4
end_of_record
TN:
SF:/Users/Sunico/Documents/Rice/Spring17/531/comp531/hw6/frontend/src/components/auth/authActions.js
FN:0,_interopRequireDefault
FN:6,login
FN:7,(anonymous_3)
FN:9,(anonymous_4)
FN:14,(anonymous_5)
FN:20,preLog
FN:21,(anonymous_7)
FN:31,(anonymous_8)
FN:37,logout
FN:38,(anonymous_10)
FN:40,(anonymous_11)
FN:43,(anonymous_12)
FN:50,registerCheck
FN:51,(anonymous_14)
FN:77,(anonymous_15)
FN:85,validateBirth
FNF:16
FNH:8
FNDA:1,_interopRequireDefault
FNDA:2,login
FNDA:2,(anonymous_3)
FNDA:1,(anonymous_4)
FNDA:1,(anonymous_5)
FNDA:1,preLog
FNDA:0,(anonymous_7)
FNDA:0,(anonymous_8)
FNDA:1,logout
FNDA:1,(anonymous_10)
FNDA:0,(anonymous_11)
FNDA:0,(anonymous_12)
FNDA:0,registerCheck
FNDA:0,(anonymous_14)
FNDA:0,(anonymous_15)
FNDA:0,validateBirth
DA:0,1
DA:1,1
DA:2,1
DA:3,1
DA:4,1
DA:6,1
DA:7,2
DA:8,2
DA:10,1
DA:11,1
DA:13,1
DA:15,1
DA:20,1
DA:21,1
DA:22,0
DA:32,0
DA:37,1
DA:38,1
DA:39,1
DA:41,0
DA:44,0
DA:50,1
DA:51,0
DA:52,0
DA:53,0
DA:55,0
DA:56,0
DA:57,0
DA:58,0
DA:60,0
DA:61,0
DA:63,0
DA:64,0
DA:66,0
DA:67,0
DA:68,0
DA:70,0
DA:71,0
DA:73,0
DA:74,0
DA:76,0
DA:78,0
DA:85,1
DA:86,0
DA:87,0
DA:88,0
DA:89,0
DA:90,0
DA:91,0
DA:92,0
DA:93,0
DA:94,0
DA:95,0
DA:96,0
DA:97,0
DA:98,0
DA:99,0
DA:103,0
LF:58
LH:19
BRDA:0,1,0,1
BRDA:0,1,1,0
BRDA:0,2,0,1
BRDA:0,2,1,1
BRDA:52,3,0,0
BRDA:52,3,1,0
BRDA:52,4,0,0
BRDA:52,4,1,0
BRDA:52,4,2,0
BRDA:52,4,3,0
BRDA:52,4,4,0
BRDA:52,4,5,0
BRDA:52,4,6,0
BRDA:55,5,0,0
BRDA:55,5,1,0
BRDA:55,6,0,0
BRDA:55,6,1,0
BRDA:55,6,2,0
BRDA:55,6,3,0
BRDA:55,6,4,0
BRDA:55,6,5,0
BRDA:55,6,6,0
BRDA:56,7,0,0
BRDA:56,7,1,0
BRDA:60,8,0,0
BRDA:60,8,1,0
BRDA:63,9,0,0
BRDA:63,9,1,0
BRDA:66,10,0,0
BRDA:66,10,1,0
BRDA:70,11,0,0
BRDA:70,11,1,0
BRDA:73,12,0,0
BRDA:73,12,1,0
BRDA:92,13,0,0
BRDA:92,13,1,0
BRDA:94,14,0,0
BRDA:94,14,1,0
BRDA:95,15,0,0
BRDA:95,15,1,0
BRDA:97,16,0,0
BRDA:97,16,1,0
BRDA:98,17,0,0
BRDA:98,17,1,0
BRF:44
BRH:4
end_of_record
TN:
SF:/Users/Sunico/Documents/Rice/Spring17/531/comp531/hw6/frontend/src/components/article/newArticle.js
FN:0,_interopRequireDefault
FN:6,NewArticle
FN:8,_addArticles
FN:12,handleImageChange
FN:20,ref
FN:24,onChange
FN:30,onClick
FN:41,(anonymous_8)
FN:44,(anonymous_9)
FN:46,addArticles
FNF:10
FNH:1
FNDA:2,_interopRequireDefault
FNDA:0,NewArticle
FNDA:0,_addArticles
FNDA:0,handleImageChange
FNDA:0,ref
FNDA:0,onChange
FNDA:0,onClick
FNDA:0,(anonymous_8)
FNDA:0,(anonymous_9)
FNDA:0,addArticles
DA:0,2
DA:1,1
DA:2,1
DA:3,1
DA:4,1
DA:6,1
DA:7,0
DA:8,0
DA:9,0
DA:10,0
DA:12,0
DA:13,0
DA:14,0
DA:17,0
DA:20,0
DA:24,0
DA:30,0
DA:40,1
DA:42,0
DA:45,0
DA:46,0
LF:21
LH:7
BRDA:0,1,0,1
BRDA:0,1,1,1
BRDA:0,2,0,2
BRDA:0,2,1,2
BRF:4
BRH:4
end_of_record
TN:
SF:/Users/Sunico/Documents/Rice/Spring17/531/comp531/hw6/frontend/src/components/profile/profile.js
FN:0,_interopRequireDefault
FN:8,Profile
FN:44,(anonymous_3)
FNF:3
FNH:1
FNDA:5,_interopRequireDefault
FNDA:0,Profile
FNDA:0,(anonymous_3)
DA:0,5
DA:1,1
DA:2,1
DA:3,1
DA:4,1
DA:5,1
DA:6,1
DA:8,1
DA:10,0
DA:43,1
DA:45,0
LF:11
LH:9
BRDA:0,1,0,4
BRDA:0,1,1,1
BRDA:0,2,0,5
BRDA:0,2,1,5
BRDA:34,3,0,0
BRDA:34,3,1,0
BRDA:35,4,0,0
BRDA:35,4,1,0
BRF:8
BRH:4
end_of_record
TN:
SF:/Users/Sunico/Documents/Rice/Spring17/531/comp531/hw6/frontend/src/components/profile/updateProfile.js
FN:0,_interopRequireDefault
FN:6,UpdateProfile
FN:12,_update
FN:29,ref
FN:39,ref
FN:44,ref
FN:48,ref
FNF:7
FNH:1
FNDA:1,_interopRequireDefault
FNDA:0,UpdateProfile
FNDA:0,_update
FNDA:0,ref
FNDA:0,ref
FNDA:0,ref
FNDA:0,ref
DA:0,1
DA:1,1
DA:2,1
DA:3,1
DA:6,1
DA:7,0
DA:8,0
DA:9,0
DA:10,0
DA:11,0
DA:12,0
DA:14,0
DA:15,0
DA:16,0
DA:17,0
DA:18,0
DA:19,0
DA:23,0
DA:30,0
DA:40,0
DA:44,0
DA:48,0
DA:59,1
LF:23
LH:6
BRDA:0,1,0,0
BRDA:0,1,1,1
BRDA:0,2,0,1
BRDA:0,2,1,1
BRF:4
BRH:4
end_of_record
TN:
SF:/Users/Sunico/Documents/Rice/Spring17/531/comp531/hw6/frontend/src/components/profile/avatar.js
FN:0,_interopRequireDefault
FN:5,Avatar
FN:7,_updateAvatar
FN:10,handleImageChange
FN:22,onChange
FN:32,(anonymous_6)
FN:36,(anonymous_7)
FN:38,updateAvatar
FNF:8
FNH:1
FNDA:1,_interopRequireDefault
FNDA:0,Avatar
FNDA:0,_updateAvatar
FNDA:0,handleImageChange
FNDA:0,onChange
FNDA:0,(anonymous_6)
FNDA:0,(anonymous_7)
FNDA:0,updateAvatar
DA:0,1
DA:1,1
DA:2,1
DA:3,1
DA:5,1
DA:6,0
DA:7,0
DA:8,0
DA:10,0
DA:11,0
DA:12,0
DA:15,0
DA:22,0
DA:31,1
DA:33,0
DA:37,0
DA:39,0
LF:17
LH:6
BRDA:0,1,0,0
BRDA:0,1,1,1
BRDA:0,2,0,1
BRDA:0,2,1,1
BRF:4
BRH:4
end_of_record
TN:
SF:/Users/Sunico/Documents/Rice/Spring17/531/comp531/hw6/frontend/src/components/profile/profileForm.js
FN:0,_interopRequireDefault
FN:4,ProfileForm
FN:20,(anonymous_3)
FNF:3
FNH:1
FNDA:1,_interopRequireDefault
FNDA:0,ProfileForm
FNDA:0,(anonymous_3)
DA:0,1
DA:1,1
DA:2,1
DA:4,1
DA:5,0
DA:19,1
DA:21,0
LF:7
LH:5
BRDA:0,1,0,0
BRDA:0,1,1,1
BRDA:0,2,0,1
BRDA:0,2,1,1
BRF:4
BRH:4
end_of_record
TN:
SF:/Users/Sunico/Documents/Rice/Spring17/531/comp531/hw6/frontend/src/components/auth/landing.js
FN:0,_interopRequireDefault
FN:7,Landing
FN:47,(anonymous_3)
FNF:3
FNH:1
FNDA:4,_interopRequireDefault
FNDA:0,Landing
FNDA:0,(anonymous_3)
DA:0,4
DA:1,1
DA:2,1
DA:3,1
DA:4,1
DA:5,1
DA:7,1
DA:9,0
DA:46,1
DA:48,0
LF:10
LH:8
BRDA:0,1,0,3
BRDA:0,1,1,1
BRDA:0,2,0,4
BRDA:0,2,1,4
BRDA:35,3,0,0
BRDA:35,3,1,0
BRDA:36,4,0,0
BRDA:36,4,1,0
BRF:8
BRH:4
end_of_record
TN:
SF:/Users/Sunico/Documents/Rice/Spring17/531/comp531/hw6/frontend/src/components/auth/login.js
FN:0,_interopRequireDefault
FN:5,Login
FN:7,_login
FN:25,ref
FN:35,ref
FN:50,(anonymous_6)
FN:52,login
FNF:7
FNH:1
FNDA:1,_interopRequireDefault
FNDA:0,Login
FNDA:0,_login
FNDA:0,ref
FNDA:0,ref
FNDA:0,(anonymous_6)
FNDA:0,login
DA:0,1
DA:1,1
DA:2,1
DA:3,1
DA:5,1
DA:6,0
DA:7,0
DA:8,0
DA:12,0
DA:25,0
DA:35,0
DA:48,1
DA:51,0
DA:52,0
LF:14
LH:6
BRDA:0,1,0,0
BRDA:0,1,1,1
BRDA:0,2,0,1
BRDA:0,2,1,1
BRF:4
BRH:4
end_of_record
TN:
SF:/Users/Sunico/Documents/Rice/Spring17/531/comp531/hw6/frontend/src/components/auth/register.js
FN:0,_interopRequireDefault
FN:5,register
FN:13,_check
FN:35,ref
FN:45,ref
FN:55,ref
FN:65,ref
FN:75,ref
FN:85,ref
FN:95,ref
FNF:10
FNH:1
FNDA:1,_interopRequireDefault
FNDA:0,register
FNDA:0,_check
FNDA:0,ref
FNDA:0,ref
FNDA:0,ref
FNDA:0,ref
FNDA:0,ref
FNDA:0,ref
FNDA:0,ref
DA:0,1
DA:1,1
DA:2,1
DA:3,1
DA:5,1
DA:6,0
DA:7,0
DA:8,0
DA:9,0
DA:10,0
DA:11,0
DA:12,0
DA:13,0
DA:14,0
DA:15,0
DA:17,0
DA:21,0
DA:35,0
DA:45,0
DA:55,0
DA:65,0
DA:75,0
DA:85,0
DA:95,0
DA:116,1
LF:25
LH:6
BRDA:0,1,0,0
BRDA:0,1,1,1
BRDA:0,2,0,1
BRDA:0,2,1,1
BRF:4
BRH:4
end_of_record
TN:
SF:/Users/Sunico/Documents/Rice/Spring17/531/comp531/hw6/frontend/src/components/article/articleActions.spec.js
FN:0,_interopRequireDefault
FN:5,(anonymous_2)
FN:7,(anonymous_3)
FN:20,(anonymous_4)
FN:27,(anonymous_5)
FN:38,(anonymous_6)
FN:44,(anonymous_7)
FNF:7
FNH:7
FNDA:2,_interopRequireDefault
FNDA:1,(anonymous_2)
FNDA:2,(anonymous_3)
FNDA:2,(anonymous_4)
FNDA:1,(anonymous_5)
FNDA:1,(anonymous_6)
FNDA:1,(anonymous_7)
DA:0,2
DA:1,1
DA:2,1
DA:3,1
DA:5,1
DA:6,1
DA:7,1
DA:8,2
DA:9,0
DA:10,0
DA:11,0
DA:13,2
DA:14,2
DA:15,2
DA:16,2
DA:17,2
DA:20,1
DA:21,2
DA:22,0
DA:23,0
DA:27,1
DA:28,1
DA:33,1
DA:38,1
DA:39,1
DA:44,1
DA:45,1
DA:46,1
LF:28
LH:23
BRDA:0,1,0,0
BRDA:0,1,1,2
BRDA:0,2,0,2
BRDA:0,2,1,2
BRDA:8,3,0,0
BRDA:8,3,1,2
BRDA:21,4,0,0
BRDA:21,4,1,2
BRF:8
BRH:6
end_of_record
TN:
SF:/Users/Sunico/Documents/Rice/Spring17/531/comp531/hw6/frontend/src/components/article/articlesView.spec.js
FN:0,_interopRequireDefault
FN:9,(anonymous_2)
FN:11,(anonymous_3)
FNF:3
FNH:3
FNDA:2,_interopRequireDefault
FNDA:1,(anonymous_2)
FNDA:1,(anonymous_3)
DA:0,2
DA:1,1
DA:2,1
DA:3,1
DA:4,1
DA:5,1
DA:6,1
DA:7,1
DA:9,1
DA:11,1
DA:12,1
DA:15,1
DA:19,1
LF:13
LH:13
BRDA:0,1,0,0
BRDA:0,1,1,2
BRDA:0,2,0,2
BRDA:0,2,1,2
BRF:4
BRH:4
end_of_record
TN:
SF:/Users/Sunico/Documents/Rice/Spring17/531/comp531/hw6/frontend/src/components/auth/authActions.spec.js
FN:0,_interopRequireDefault
FN:5,(anonymous_2)
FN:7,(anonymous_3)
FN:21,(anonymous_4)
FN:28,(anonymous_5)
FN:37,(anonymous_6)
FN:45,(anonymous_7)
FN:55,(anonymous_8)
FN:61,(anonymous_9)
FN:68,(anonymous_10)
FNF:10
FNH:9
FNDA:2,_interopRequireDefault
FNDA:1,(anonymous_2)
FNDA:3,(anonymous_3)
FNDA:3,(anonymous_4)
FNDA:1,(anonymous_5)
FNDA:3,(anonymous_6)
FNDA:1,(anonymous_7)
FNDA:1,(anonymous_8)
FNDA:1,(anonymous_9)
FNDA:0,(anonymous_10)
DA:0,2
DA:1,1
DA:2,1
DA:3,1
DA:5,1
DA:6,1
DA:7,1
DA:8,3
DA:9,0
DA:10,0
DA:11,0
DA:13,3
DA:14,3
DA:15,3
DA:16,3
DA:17,3
DA:21,1
DA:22,3
DA:23,0
DA:24,0
DA:28,1
DA:29,1
DA:30,1
DA:32,1
DA:36,1
DA:38,3
DA:39,1
DA:45,1
DA:46,1
DA:47,1
DA:49,1
DA:54,1
DA:56,1
DA:61,1
DA:62,1
DA:68,1
DA:69,0
LF:37
LH:31
BRDA:0,1,0,0
BRDA:0,1,1,2
BRDA:0,2,0,2
BRDA:0,2,1,2
BRDA:8,3,0,0
BRDA:8,3,1,3
BRDA:22,4,0,0
BRDA:22,4,1,3
BRDA:38,5,0,1
BRDA:38,5,1,2
BRDA:69,6,0,0
BRDA:69,6,1,0
BRF:12
BRH:8
end_of_record
TN:
SF:/Users/Sunico/Documents/Rice/Spring17/531/comp531/hw6/frontend/src/components/profile/profileAction.spec.js
FN:0,_interopRequireDefault
FN:5,(anonymous_2)
FN:8,(anonymous_3)
FN:20,(anonymous_4)
FN:27,(anonymous_5)
FN:36,(anonymous_6)
FN:42,(anonymous_7)
FN:52,(anonymous_8)
FNF:8
FNH:6
FNDA:2,_interopRequireDefault
FNDA:1,(anonymous_2)
FNDA:2,(anonymous_3)
FNDA:2,(anonymous_4)
FNDA:1,(anonymous_5)
FNDA:0,(anonymous_6)
FNDA:1,(anonymous_7)
FNDA:0,(anonymous_8)
DA:0,2
DA:1,1
DA:2,1
DA:3,1
DA:5,1
DA:7,1
DA:8,1
DA:9,2
DA:10,0
DA:11,0
DA:12,0
DA:14,2
DA:15,2
DA:16,2
DA:17,2
DA:20,1
DA:21,2
DA:22,0
DA:23,0
DA:27,1
DA:29,1
DA:35,1
DA:37,0
DA:42,1
DA:44,1
DA:45,1
DA:46,1
DA:51,1
DA:53,0
LF:29
LH:22
BRDA:0,1,0,0
BRDA:0,1,1,2
BRDA:0,2,0,2
BRDA:0,2,1,2
BRDA:9,3,0,0
BRDA:9,3,1,2
BRDA:21,4,0,0
BRDA:21,4,1,2
BRF:8
BRH:6
end_of_record
TN:
SF:/Users/Sunico/Documents/Rice/Spring17/531/comp531/hw6/frontend/src/reducers.js
FN:0,(anonymous_1)
FN:0,_interopRequireDefault
FN:10,common
FN:39,article
FN:64,(anonymous_5)
FN:81,follow
FN:106,profile
FNF:7
FNH:6
FNDA:0,(anonymous_1)
FNDA:1,_interopRequireDefault
FNDA:7,common
FNDA:7,article
FNDA:0,(anonymous_5)
FNDA:7,follow
FNDA:7,profile
DA:0,1
DA:1,1
DA:2,1
DA:4,1
DA:10,7
DA:11,7
DA:14,0
DA:17,0
DA:20,0
DA:23,0
DA:26,1
DA:29,1
DA:32,0
DA:34,5
DA:38,1
DA:39,7
DA:40,7
DA:43,1
DA:48,0
DA:49,0
DA:52,0
DA:54,0
DA:63,0
DA:65,0
DA:66,0
DA:68,0
DA:75,1
DA:76,5
DA:80,1
DA:81,7
DA:83,7
DA:86,0
DA:89,7
DA:94,1
DA:106,7
DA:107,7
DA:110,0
DA:113,0
DA:125,7
DA:130,1
DA:132,1
LF:41
LH:25
BRDA:0,1,0,1
BRDA:0,1,1,0
BRDA:0,2,0,0
BRDA:0,2,1,0
BRDA:0,3,0,1
BRDA:0,3,1,0
BRDA:0,4,0,1
BRDA:0,4,1,1
BRDA:10,5,0,0
BRDA:10,5,1,7
BRDA:10,6,0,7
BRDA:10,6,1,7
BRDA:12,7,0,0
BRDA:12,7,1,0
BRDA:12,7,2,0
BRDA:12,7,3,0
BRDA:12,7,4,1
BRDA:12,7,5,1
BRDA:12,7,6,0
BRDA:12,7,7,5
BRDA:39,8,0,0
BRDA:39,8,1,7
BRDA:39,9,0,7
BRDA:39,9,1,7
BRDA:41,10,0,1
BRDA:41,10,1,0
BRDA:41,10,2,0
BRDA:41,10,3,0
BRDA:41,10,4,1
BRDA:41,10,5,5
BRDA:65,11,0,0
BRDA:65,11,1,0
BRDA:81,12,0,0
BRDA:81,12,1,7
BRDA:81,13,0,7
BRDA:81,13,1,7
BRDA:84,14,0,0
BRDA:84,14,1,7
BRDA:106,15,0,0
BRDA:106,15,1,7
BRDA:106,16,0,7
BRDA:106,16,1,7
BRDA:108,17,0,0
BRDA:108,17,1,0
BRDA:108,17,2,7
BRDA:114,18,0,0
BRDA:114,18,1,0
BRDA:115,19,0,0
BRDA:115,19,1,0
BRDA:116,20,0,0
BRDA:116,20,1,0
BRDA:117,21,0,0
BRDA:117,21,1,0
BRDA:118,22,0,0
BRDA:118,22,1,0
BRDA:119,23,0,0
BRDA:119,23,1,0
BRDA:120,24,0,0
BRDA:120,24,1,0
BRDA:121,25,0,0
BRDA:121,25,1,0
BRDA:122,26,0,0
BRDA:122,26,1,0
BRF:63
BRH:28
end_of_record
TN:
SF:/Users/Sunico/Documents/Rice/Spring17/531/comp531/hw6/frontend/src/reducers.spec.js
FN:0,(anonymous_1)
FN:0,_interopRequireDefault
FN:0,_defineProperty
FN:6,(anonymous_4)
FN:8,(anonymous_5)
FN:18,(anonymous_6)
FN:31,(anonymous_7)
FN:35,(anonymous_8)
FN:41,(anonymous_9)
FN:51,(anonymous_10)
FN:56,(anonymous_11)
FN:62,(anonymous_12)
FNF:12
FNH:12
FNDA:0,(anonymous_1)
FNDA:2,_interopRequireDefault
FNDA:1,_defineProperty
FNDA:1,(anonymous_4)
FNDA:6,(anonymous_5)
FNDA:6,(anonymous_6)
FNDA:1,(anonymous_7)
FNDA:1,(anonymous_8)
FNDA:1,(anonymous_9)
FNDA:1,(anonymous_10)
FNDA:1,(anonymous_11)
FNDA:1,(anonymous_12)
DA:0,2
DA:1,1
DA:2,1
DA:3,1
DA:4,1
DA:6,1
DA:7,1
DA:8,1
DA:9,6
DA:10,0
DA:11,0
DA:12,0
DA:14,6
DA:15,6
DA:18,1
DA:19,6
DA:20,0
DA:21,0
DA:24,1
DA:31,1
DA:32,1
DA:35,1
DA:36,1
DA:37,1
DA:41,1
DA:42,1
DA:43,1
DA:47,1
DA:51,1
DA:52,1
DA:56,1
DA:57,1
DA:58,1
DA:62,1
DA:63,1
LF:35
LH:30
BRDA:0,1,0,1
BRDA:0,1,1,0
BRDA:0,2,0,0
BRDA:0,2,1,0
BRDA:0,3,0,0
BRDA:0,3,1,2
BRDA:0,4,0,2
BRDA:0,4,1,2
BRDA:0,5,0,1
BRDA:0,5,1,0
BRDA:9,6,0,0
BRDA:9,6,1,6
BRDA:19,7,0,0
BRDA:19,7,1,6
BRF:14
BRH:12
end_of_record
